Traceback (most recent call last):
  File "/usr/local/python/3.12.1/lib/python3.12/site-packages/jupyter_cache/executors/utils.py", line 58, in single_nb_execution
    executenb(
  File "/home/codespace/.local/lib/python3.12/site-packages/nbclient/client.py", line 1314, in execute
    return NotebookClient(nb=nb, resources=resources, km=km, **kwargs).execute()
           ^^^^^^^^^^^^^^^^^^^^^^^^^^^^^^^^^^^^^^^^^^^^^^^^^^^^^^^^^^^^^^^^^^^^^
  File "/home/codespace/.local/lib/python3.12/site-packages/jupyter_core/utils/__init__.py", line 165, in wrapped
    return loop.run_until_complete(inner)
           ^^^^^^^^^^^^^^^^^^^^^^^^^^^^^^
  File "/usr/local/python/3.12.1/lib/python3.12/asyncio/base_events.py", line 684, in run_until_complete
    return future.result()
           ^^^^^^^^^^^^^^^
  File "/home/codespace/.local/lib/python3.12/site-packages/nbclient/client.py", line 709, in async_execute
    await self.async_execute_cell(
  File "/home/codespace/.local/lib/python3.12/site-packages/nbclient/client.py", line 1062, in async_execute_cell
    await self._check_raise_for_error(cell, cell_index, exec_reply)
  File "/home/codespace/.local/lib/python3.12/site-packages/nbclient/client.py", line 918, in _check_raise_for_error
    raise CellExecutionError.from_cell_and_msg(cell, exec_reply_content)
nbclient.exceptions.CellExecutionError: An error occurred while executing the following cell:
------------------
# Urutkan data berdasarkan jarak dari terkecil ke terbesar
df_sorted = df_merged.sort_values(by="knn_distance", ascending=True) # Changed column name to "knn_distance"

# Tampilkan hasilnya
print(df_sorted.to_string(index=False))
------------------


[0;31m---------------------------------------------------------------------------[0m
[0;31mKeyError[0m                                  Traceback (most recent call last)
[0;32m/tmp/ipykernel_3122/3357397760.py[0m in [0;36m?[0;34m()[0m
[1;32m      1[0m [0;31m# Urutkan data berdasarkan jarak dari terkecil ke terbesar[0m[0;34m[0m[0;34m[0m[0m
[0;32m----> 2[0;31m [0mdf_sorted[0m [0;34m=[0m [0mdf_merged[0m[0;34m.[0m[0msort_values[0m[0;34m([0m[0mby[0m[0;34m=[0m[0;34m"knn_distance"[0m[0;34m,[0m [0mascending[0m[0;34m=[0m[0;32mTrue[0m[0;34m)[0m [0;31m# Changed column name to "knn_distance"[0m[0;34m[0m[0;34m[0m[0m
[0m[1;32m      3[0m [0;34m[0m[0m
[1;32m      4[0m [0;31m# Tampilkan hasilnya[0m[0;34m[0m[0;34m[0m[0m
[1;32m      5[0m [0mprint[0m[0;34m([0m[0mdf_sorted[0m[0;34m.[0m[0mto_string[0m[0;34m([0m[0mindex[0m[0;34m=[0m[0;32mFalse[0m[0;34m)[0m[0;34m)[0m[0;34m[0m[0;34m[0m[0m

[0;32m~/.local/lib/python3.12/site-packages/pandas/core/frame.py[0m in [0;36m?[0;34m(self, by, axis, ascending, inplace, kind, na_position, ignore_index, key)[0m
[1;32m   7185[0m             [0;34m)[0m[0;34m[0m[0;34m[0m[0m
[1;32m   7186[0m         [0;32melif[0m [0mlen[0m[0;34m([0m[0mby[0m[0;34m)[0m[0;34m:[0m[0;34m[0m[0;34m[0m[0m
[1;32m   7187[0m             [0;31m# len(by) == 1[0m[0;34m[0m[0;34m[0m[0m
[1;32m   7188[0m [0;34m[0m[0m
[0;32m-> 7189[0;31m             [0mk[0m [0;34m=[0m [0mself[0m[0;34m.[0m[0m_get_label_or_level_values[0m[0;34m([0m[0mby[0m[0;34m[[0m[0;36m0[0m[0;34m][0m[0;34m,[0m [0maxis[0m[0;34m=[0m[0maxis[0m[0;34m)[0m[0;34m[0m[0;34m[0m[0m
[0m[1;32m   7190[0m [0;34m[0m[0m
[1;32m   7191[0m             [0;31m# need to rewrap column in Series to apply key function[0m[0;34m[0m[0;34m[0m[0m
[1;32m   7192[0m             [0;32mif[0m [0mkey[0m [0;32mis[0m [0;32mnot[0m [0;32mNone[0m[0;34m:[0m[0;34m[0m[0;34m[0m[0m

[0;32m~/.local/lib/python3.12/site-packages/pandas/core/generic.py[0m in [0;36m?[0;34m(self, key, axis)[0m
[1;32m   1907[0m             [0mvalues[0m [0;34m=[0m [0mself[0m[0;34m.[0m[0mxs[0m[0;34m([0m[0mkey[0m[0;34m,[0m [0maxis[0m[0;34m=[0m[0mother_axes[0m[0;34m[[0m[0;36m0[0m[0;34m][0m[0;34m)[0m[0;34m.[0m[0m_values[0m[0;34m[0m[0;34m[0m[0m
[1;32m   1908[0m         [0;32melif[0m [0mself[0m[0;34m.[0m[0m_is_level_reference[0m[0;34m([0m[0mkey[0m[0;34m,[0m [0maxis[0m[0;34m=[0m[0maxis[0m[0;34m)[0m[0;34m:[0m[0;34m[0m[0;34m[0m[0m
[1;32m   1909[0m             [0mvalues[0m [0;34m=[0m [0mself[0m[0;34m.[0m[0maxes[0m[0;34m[[0m[0maxis[0m[0;34m][0m[0;34m.[0m[0mget_level_values[0m[0;34m([0m[0mkey[0m[0;34m)[0m[0;34m.[0m[0m_values[0m[0;34m[0m[0;34m[0m[0m
[1;32m   1910[0m         [0;32melse[0m[0;34m:[0m[0;34m[0m[0;34m[0m[0m
[0;32m-> 1911[0;31m             [0;32mraise[0m [0mKeyError[0m[0;34m([0m[0mkey[0m[0;34m)[0m[0;34m[0m[0;34m[0m[0m
[0m[1;32m   1912[0m [0;34m[0m[0m
[1;32m   1913[0m         [0;31m# Check for duplicates[0m[0;34m[0m[0;34m[0m[0m
[1;32m   1914[0m         [0;32mif[0m [0mvalues[0m[0;34m.[0m[0mndim[0m [0;34m>[0m [0;36m1[0m[0;34m:[0m[0;34m[0m[0;34m[0m[0m

[0;31mKeyError[0m: 'knn_distance'

